[   0.0000] Initializing cgrousubsys cpuset
[   0.000000] Initializing cgroup subsys cpu
[    0.000000] Initializing cgroup subsys cpuacct
[    0.000000] Linux version 4.4.0-154-generic (buildd@lgw01-amd64-049) (gcc version 5.4.0 20160609 (Ubuntu 5.4.0-6ubuntu1~16.04.10) ) #181-Ubuntu SMP Tue Jun 25 05:29:03 UTC 2019 (Ubuntu 4.4.0-154.181-generic 4.4.179)
[    0.000000] Command line: BOOT_IMAGE=/boot/vmlinuz-4.4.0-154-generic root=LABEL=cloudimg-rootfs ro console=tty1 console=ttyS0
[    0.000000] KERNEL supported cpus:
[    0.000000]   Intel GenuineIntel
[    0.000000]   AMD AuthenticAMD
[    0.000000]   Centaur CentaurHauls
[    0.000000] x86/fpu: Legacy x87 FPU detected.
[    0.000000] e820: BIOS-provided physical RAM map:
[    0.000000] BIOS-e820: [mem 0x0000000000000000-0x000000000009fbff] usable
[    0.000000] BIOS-e820: [mem 0x000000000009fc00-0x000000000009ffff] reserved
[    0.000000] BIOS-e820: [mem 0x00000000000f0000-0x00000000000ffff reserved
[    0.000000] BIOS-e820: [mem 0x0000000000100000-0x000000003ffeffff] usable
[    0.000000] BIOS-e820: [mem 0x000000003fff0000-0x000000003fffffff] ACPI data
[    0.000000] BIOS-e820: [mem 0x00000000fec00000-0x00000000fec00fff] reserved
[    0.000000] BIOS-e820: [mem 0x00000000fee00000-0x00000000fee00fff] reserved
[    0.000000] BIOS-e820: [mem 0x00000000fffc0000-0x00000000ffffffff] reserved
[    0.000000] NX (Execute Disable) protection: active
[    0.000000] SMBIOS 2.5 present.
[    0.000000] Hypervisor detected: KVM
[    0.000000] e820: last_pfn = 0x3fff0 max_arch_pfn = 0x400000000
[    0.000000] MTRR: Disabled
[    0.000000] x86/PAT: MTRRs disabled, skipping PAT initialization too.
[    0.000000] CPU MTRRs all blank - virtualized system.
[    0.000000] x86/PAT: Configuration [0-7]: WB  WT  UC- UC  WB  WT  UC- UC  
[    0.000000] found SMP MP-table at [mem 0x0009fff0-0x0009ffff] mapped at [ffff88000009fff0]
[    0.000000] Scanning 1 areas for low memory corruption
[    0.000000] RAMDISK: [mem 0x362fa000-0x37174fff]
[    0.000000] ACPI: Early table checksum verification disabled
[    0.000000] ACPI: RSDP 0x00000000000E0000 000024 (v02 VBOX  )
[    0.000000] ACPI: XSDT 0x000000003FFF0030 00003C (v01 VBOX   VBOXXSDT 00000001 ASL  00000061)
[    0.000000] ACPI: FACP 0x000000003FFF00F0 0000F4 (v04 VBOX   VBOXFACP 00000001 ASL  00000061)
[    0.000000] ACPI: DSDT 0x000000003FFF0470 0021FF (v02 VBOX   VBOXBIOS 00000002 INTL 20180105)
[    0.000000] ACPI: FACS 0x000000003FFF0200 000040
[    0.000000] ACPI: FACS 0x000000003FFF0200 000040
[    0.000000] ACPI: APIC 0x000000003FFF0240 00005C (v02 VBOX   VBOXAPIC 00000001 ASL  00000061)
[    0.000000] ACPI: SSDT 0x000000003FFF02A0 0001CC (v01 VBOX   VBOXCPUT 00000002 INTL 20180105)
[    0.000000] No NUMA configuration found
[    0.000000]Faking a node at [mem 0x0000000000000000-0x000000003ffeffff]
[    0.000000] NODE_DATA(0) allocated [mem 0x3ffeb000-0x3ffeffff]
[    0.000000] kvm-clock: Using msrs 4b564d01 and 4b564d00
[    0.000000] kvm-clock: cpu 0, msr 0:3ffe3001, primary cpu clock
[    0.000000] kvm-clock: using sched offset of 5117625528 cycles
[    0.000000] clocksource: kvm-clock: mask: 0xffffffffffffffff max_cycles: 0x1cd42e4dffb, max_idle_ns: 881590591483 ns
[    0.000000] Zone ranges:
[    0.000000]   DMA      [mem 0x0000000000001000-0x0000000000ffffff]
[    0.000000]   DMA32    [mem 0x000000000100000-x000000003ffeffff]
[    0.000000]   Normal   empty
[    0.000000]   Device   empty
[    0.000000] Movable zone start for each node
[    0.000000] Early memory node ranges
[    0.000000]   node   0: [mem 0x0000000000001000-0x000000000009efff]
[    0.00000]   node   0: [mem 0x0000000000100000-0x000000003ffeffff]
[    0.000000] Initmem setup node 0 [mem 0x0000000000001000-0x000000003ffeffff]
[    0.000000] ACPI: PM-Timer IO Port: 0x4008
[    0.000000] IOAPIC[0]: apic_id 2, version 32, address 0xfec00000, GSI 0-23
[    0.000000] ACPI: INT_SRC_OVR (bus 0 bus_irq 0 global_q 2 dfl dfl)
[    0.000000] ACPI: INT_SRC_OVR (bus 0 bus_irq 9 global_irq 9 low level)
[    0.000000] Using ACPI (MADT) for SMP configuration information
[    0.000000] smpboot: Allowing 2 CPUs, 0 hotplug CPUs
[    0.000000] PM: Registered nosave memory: [mem 0x00000000-0x00000fff]
[    0.000000] PM: Registered nosave memory: [mem 0x0009f000-0x0009ffff]
[    0.000000] PM: Registered nosave memory: [mem 0x000a0000-0x000effff]
[    0.000000] PM: Registered nosave memory: [mem 0x000f0000-0x000fffff]
[    0.000000] e820: [mem 0x40000000-0xfebfffff] available for PCI devices
[    0.000000] Booting paravirtualized kernel on KVM
[    0.000000] clocksource: refined-jiffies: mask: 0xffffffff max_cycles: 0xffffffff, max_idle_ns: 7645519600211568 ns
[    0.000000] setup_percpu: NR_CPUS:512 nr_cpumask_bits:512 nr_cpu_ids:2 nr_node_ids:1
[    0.000000] PERCPU: Embedded 34 pages/cpu @ffff88003fc00000 s99480 r8192 d31592 u1048576
[    0.000000] Built 1 zonelists in Node order, mobility grouping on.  Total pages: 257912
[    0.000000] Policy zone: DMA32
[    0.000000] Kernel command line: BOOT_IMAGE=/boot/vmlinuz-4.4.0-154-generic root=LABEL=cloudimg-rootfs ro console=tty1 console=ttyS0
[    0.000000] PID hash table entries: 4096 (order: 3, 32768 bytes)
[    0.000000] Memory: 997732K/1048120K available (8613K kernel code, 1335K rwdata, 4028K rodata, 1484K init, 14K bss, 50388K reserved, 0K cma-reserved)
[    0.000000] SLUB: HWalign=64, Order=0-3, MinObjects=0, CPUs=2, des=1
[    0.000000] Kernel/User page tables isolation: enabled
[    0.000000] Hierarchical RCU implementation.
[    0.000000] 	Build-time adjustment of leaf fanout to 64.
[    0.000000] 	RCU restricting CPUs from NR_CPUS=512 to nr_cpu_ids=2.
[    0.000000]RCU: Ajuting geometry for rcu_fanout_leaf=64, nr_cpu_ids=2
[    0.000000] NR_IRQS:33024 nr_irqs:440 16
[    0.000000] Console: colour VGA+ 80x25
[    0.000000] console [tty1] enabled
[    0.000000] console [ttyS0] enabled
[    0.000000] tsc: Detected 2992.498 MHz processor
[    1.357013] Calibrating delay loop (skipped) preset value.. 5984.99 BogoMIPS (lpj=11969992)
[    1.380716] pid_max: default: 32768 minimum: 301
[    1.388357] ACPI: Core revision 20150930
[    1.391086] ACPI: 2 ACPI AML tables successfully acquired and loaded
[    1.393242] Security Framework initialized
[    1.394839] Yama: becoming mindful.
[    1.396201] AppArmor: AppArmor initialized
[    1.397784] Dentry cache hash table entries: 131072 (order: 8, 1048576 bytes)
[    1.404675] Inode-cache hash table entries: 65536 (order: 7, 524288 bytes)
[    1.420496] Mount-cache hash table entries: 2048 (order: 2, 16384 bytes)
[    1.432342] Mountpoint-cache hash table entries: 2048 (order: 2, 16384 bytes)
[    1.440472] Initializing cgroup subsys io
[    1.441888] Initializing cgroup subsys memory
[    1.443389] Initializing cgroup subsys devices
[    1.444915] Initializing cgroup subsys freezer
[    1.446428] Initializing cgroup subsys net_cls
[    1.452337] Initializing cgroup subsys perf_event
[    1.453893] Initializing cgroup subsys net_prio
[    1.481217] Initializing cgroup subsys hugetlb
[    1.482869] Initializing cgroup subsys pids
[    1.489802] mce: CPU supports 0 MCE banks
[    1.491275] Last level iTLB entries: 4KB 128, 2MB 4, 4MB 4
[    1.504722] Last level dTLB entries: 4KB 256, 2MB 0, 4MB 32, 1GB 0
[    1.508065] Spectre V2 : Mitigation: Full generic retpoline
[    1.521738] Spectre V2 : Spectre v2 / SpectreRSB mitigation: Filling RSB on context switch
[    1.528524] Speculative Store Bypass: Vulnerable
[    1.549558] MDS: Vulnerable: Clear CPU buffers attempted, no microcode
[    1.566229] Freeing SMP alternatives memory: 36K
[    1.614440] ftrace: allocating 32299 entries in 127 pages
[    1.708783] smpboot: APIC(0) Converting physical 0 to logical package 0
[    1.844128] smpboot: Max logical packages: 1
[    1.868240] x2apic enabled
[    1.869923] Switched APIC routing to physical x2apic.
[    1.878249] ..TIMER: vector=0x30 apic1=0 pin1=2 apic2=-1 pin2=-1
[    1.994706] smpboot: CPU0: Intel(R) Core(TM)2 Duo CPU     E8400  @ 3.00GHz (family: 0x6, model: 0x17, stepping: 0xa)
[    2.006380] Performance Events: unsupported p6 CPU model 23 no PMU driver, software events only.
[    2.154797] KVM setup paravirtual spinlock
[    2.164065] x86: Booting SMP configuration:
[    2.166164] .... node  #0, CPUs:      #1
[    2.168142] kvm-clock: cpu 1, msr 0:3ffe3041, secondary cpu clock
[    2.169280] mce: CPU supports 0 MCE banks
[    2.181100] x86: Booted up 1 node, 2 CPUs
[    2.219727] smpboot: Total of 2 processors activated (11969.99 BogoMIPS)
[    2.231198] devtmpfs: initialized
[    2.237855] evm: security.selinux
[    2.252064] evm: security.SMACK64
[    2.272210] evm: security.SMACK64EXEC
[    2.273580] evm: security.SMACK64TRANSMUTE
[    2.275043] evm: security.SMACK64MMAP
[    2.285740] evm: security.ima
[    2.304621] evm: security.capability
[    2.321539] clocksource: jiffies: mask: 0xffffffff max_cycles: 0xffffffff, max_idle_ns: 7645041785100000 ns
[    2.324722] futex hash table entries: 512 (order: 3, 32768 bytes)
[    2.348792] pinctrl core: initialized pinctrl subsystem
[    2.389739] RTC time: 16:45:48, date: 08/08/19
[    2.417806] NET: Registered protocol family 16
[    2.498770] cpuidle: using governor ladder
[    2.514805] cpuidle: using governor menu
[    2.521623] PCCT header not found.
[    2.522988] ACPI: bus type PCI registered
[    2.524379] acpiphp: ACPI Hot Plug PCI Controller Driver version: 0.5
[    2.526540] PCI: Using configuration type 1 for base access
[    2.547651] ACPI: Added _OSI(Module Device)
[    2.572110] ACPI: Added _OSI(Processor Device)
[    2.669142] ACPI: Added _OSI(3.0 _SCP Extensions)
[    2.681421] ACPI: Added _OSI(Processor Aggregator Device)
[    2.706906] ACPI: Executed 1 blocks of module-level executable AML code
[    2.739827] ACPI: Interpreter enabled
[    2.741166] ACPI: (supports S0 S5)
[    2.742432] ACPI: Using IOAPIC for interrupt routing
[    2.771801] PCI: Using host bridge windows from ACPI; if necessary, use "pci=nocrs" and report a bug
[    2.779463] ACPI: PCI Root Bridge [PCI0] (domain 0000 [bus 00-ff])
[    2.781337] acpi PNP0A03:00: _OSC: OS supports [ASPM ClockPM Segments MSI]
[    2.841157] acpi PNP0A03:00: _OSC: not requesting OS control; OS requires [ExtendedConfig ASPM ClockPM MSI]
[    2.844249] acpi PNP0A03:00: fail to add MMCONFIG information, can't access extended PCI configuration space under this bridge.
[    2.859214] PCI host bridge to bus 0000:00
[    2.860633] pci_bus 0000:00: root bus resource [io  0x0000-0x0cf7 window]
[    2.862617] pci_bus 0000:00: root bus resource [io  0x0d00-0xffff window]
[    2.921891] pci_bus 0000:00: root bus resource [mem 0x000a0000-0x000bffff window]
[    2.929800] pci_bus 0000:00: root bus resource [mem 0x40000000-0xfdffffff window]
[    2.937836] pci_bus 0000:00: root bus resource [bus 00-ff]
[    2.941758] pci 0000:00:01.1: legacy IDE quirk: reg 0x10: [io  0x01f0-0x01f7]
[    2.943835] pci 0000:00:01.1: legacy IDE quirk: reg 0x14: [io  0x03f6]
[    2.945760] pci 0000:00:01.1: legacy IDE quirk: reg 0x18: [io  0x0170-0x0177]
[    2.954414] pci 0000:00:01.1: legacy IDE quirk: reg 0x1c: [io  0x0376]
[    3.017873] pci 0000:00:07.0: quirk: [io  0x4000-0x403f] claimed by PIIX4 ACPI
[    3.025729] pci 0000:00:07.0: quirk: [io  0x4100-0x410f] claimed by PIIX4 SMB
[    3.046451] ACPI: PCI Interrupt Link [LNKA] (IRQs 5 9 10 *11)
[    3.054600] ACPI: PCI Interrupt Link [LNKB] (IRQs 5 9 *10 11)
[    3.057391] ACPI: PCI Interrupt Link [LNKC] (IRQs 5 *9 10 11)
[    3.059990] ACPI: PCI Interrupt Link [LNKD] (IRQs 5 9 10 *11)
[    3.069342] ACPI: Enabled 2 GPEs in block 00 to 07
[    3.094480] vgaarb: setting as boot device: PCI:0000:00:02.0
[    3.107197] vgaarb: device added: PCI:0000:00:02.0,decodes=io+mem,owns=io+mem,locks=none
[    3.110034] vgaarb: loaded
[    3.111163] vgaarb: bridge control possible 0000:00:02.0
[    3.113535] SCSI subsystem initialized
[    3.115356] ACPI: bus type USB registered
[    3.122233] usbcore: registered new interface driver usbfs
[    3.123984] usbcore: registered new interface driver hub
[    3.125802] usbcore: registered new device driver usb
[    3.139664] PCI: Using ACPI for IRQ routing
[    3.141865] NetLabel: Initializing
[    3.143148] NetLabel:  domain hash size = 128
[    3.144656] NetLabel:  protocols = UNLABELED CIPSOv4
[    3.146388] NetLabel:  unlabeled traffic allowed by default
[    3.149759] amd_nb: Cannot enumerate AMD northbridges
[    3.160234] clocksource: Switched to clocksource kvm-clock
[    3.177062] AppArmor: AppArmor Filesystem Enabled
[    3.186292] pnp: PnP ACPI init
[    3.188569] pnp: PnP ACPI: found 3 devices
[  32028] ocsorc api_pm:ma: xfff mx_ycles: 0xffffff, max_idle_ns: 2085701024 ns
[    3.887876] NET: Registered protocol family 2
[    3.889938] TCP established hash table etrs:192 (order: 4, 65536 bytes)
[    4.045176] TP in hshtaleenris:19 (rdr:5,312 yts)
[   .7153]TCP: Hash tables configured (established 8192 bind 8192)
[    4.898291] UDP hash table entries: 512 (order: 2, 1634 yts)
[    5.095164] UDP-Lite hash table entries: 512 (order: 2, 16384yts)
[  52199 NT:Reiserd rooc family 1
[    5.664302] pci 0000:00:00.0: Limiting direct PCI/PCI transfers
[    5.668354] pci 0000:00:01.0: Activating ISA DMA hang workarounds
[    5.671770] Unpacking initramfs...

[    5.931927] Freeing initrd memory: 14828K
[    6.066606] clocksource: tsc: mask: 0xffffffffffffffff max_cycles: 0x2b2296bc2b9, max_idle_ns: 440795321505 ns
[    6.137423] platform rtc_cmos: registered platform RTC device (no PNP device found)
[    6.157716] Scanning for low memory corruption every 60 seconds
[    6.177431] audit: initializing netlink subsys (disabled)
[    6.179183] audit: type=2000 audit(1565282756.188:1): initialized
[    6.181611] Initialise system trusted keyring
[    6.206875] HugeTLB registered 2 MB page size, pre-allocated 0 pages
[    6.210642] zbud: loaded
[    6.212202] VFS: Disk quotas dquot_6.6.0
[    6.226723] VFS: Dquot-cache hash table entries: 512 (order 0, 4096 bytes)
[    6.229082] squashfs: version 4.0 (2009/01/31) Phillip Lougher
[    6.231375] fuse init (API version 7.23)
[    6.246712] Key type big_key registered
[    6.248286] Allocating IMA MOK and blacklist keyrings.
[    6.284629] Key type asymmetric registered
[    6.378086] Asymmetric key parser 'x509' registered
[    6.478157] Block layer SCSI generic (bsg) driver version 0.4 loaded (major 249)
[    6.499975] io scheduler noop registered
[    6.666370] io scheduler deadline registered (default)
[    6.687305] io scheduler cfq registered
[    6.708740] pci_hotplug: PCI Hot Plug PCI Core version: 0.5
[    6.710574] pciehp: PCI Express Hot Plug Controller Driver version: 0.4
[    6.712901] ACPI: AC Adapter [AC] (on-line)
[    6.774957] input: Power Button as /devices/LNXSYSTM:00/LNXPWRBN:00/input/input0
[    6.794254] ACPI: Power Button [PWRF]
[    6.797255] input: Sleep Button as /devices/LNXSYSTM:00/LNXSLPBN:00/input/input1
[    6.809144] ACPI: Sleep Button [SLPF]
[    6.826714] GHES: HEST is not enabled!
[    6.828310] Serial: 8250/16550 driver, 32 ports, IRQ sharing enabled
[    6.853392] 00:02: ttyS0 at I/O 0x3f8 (irq = 4, base_baud = 115200) is a 16550A
[    6.889919] Linux agpgart interface v0.103
[    6.893845] loop: module loaded
[    6.897267] scsi host0: ata_piix
[    6.939659] scsi host1: ata_piix
[    6.946714] ata1: PATA max UDMA/33 cmd 0x1f0 ctl 0x3f6 bmdma 0xd000 irq 14
[    6.986615] ata2: PATA max UDMA/33 cmd 0x170 ctl 0x376 bmdma 0xd008 irq 15
[    7.009926] libphy: Fixed MDIO Bus: probed
[    7.046898] tun: Universal TUN/TAP device driver, 1.6
[    7.086792] tun: (C) 1999-2004 Max Krasnyansky <maxk@qualcomm.com>
[    7.136821] PPP generic driver version 2.4.2
[    7.150182] ehci_hcd: USB 2.0 'Enhanced' Host Controller (EHCI) Driver
[    7.597722] ehci-pci: EHCI PCI platform driver
[    7.637910] ehci-platform: EHCI generic platform driver
[    7.727850] ohci_hcd: USB 1.1 'Open' Host Controller (OHCI) Driver
[    7.778818] ohci-pci: OHCI PCI platform driver
[    7.798144] ohci-platform: OHCI generic platform driver
[    7.900712] uhci_hcd: USB Universal Host Controller Interface driver
[    7.946697] i8042: PNP: PS/2 Controller [PNP0303:PS2K,PNP0f03:PS2M] at 0x60,0x64 irq 1,12
[    7.971471] serio: i8042 KBD port at 0x60,0x64 irq 1
[    7.980079] serio: i8042 AUX port at 0x60,0x64 irq 12
[    8.039954] mousedev: PS/2 mouse device common for all mice
[    8.042602] input: AT Translated Set 2 keyboard as /devices/platform/i8042/serio0/input/input2
[    8.045618] rtc_cmos rtc_cmos: rtc core: registered rtc_cmos as rtc0
[    8.059565] rtc_cmos rtc_cmos: alarms up to one day, 114 bytes nvram
[    8.077668] i2c /dev entries driver
[    8.079134] device-mapper: uevent: version 1.0.3
[    8.081165] device-mapper: ioctl: 4.34.0-ioctl (2015-10-28) initialised: dm-devel@redhat.com
[    8.094622] ledtrig-cpu: registered to indicate activity on CPUs
[    8.097229] NET: Registered protocol family 10
[    8.099826] NET: Registered protocol family 17
[    8.120471] Key type dns_resolver registered
[    8.128006] registered taskstats version 1
[    8.135550] Loading compiled-in X.509 certificates
[    8.138191] Loaded X.509 cert 'Build time autogenerated kernel key: 65139e04a67245b562a838c28b5e7032abdd4348'
[    8.146834] zswap: loaded usg oo lo/bu
[    8.369796] Key type trusted registered
[    8.436052] Key type encrypted registered
[    8.442903] AppArmor: AppArmor sha1 policy hashing enabled
[    8.444659] ima: No TPM chip found, activating TPM-bypass!
[    8.446385] ima: Allocated hash algorithm: sha1
[    8.447950] evm: HMAC attrs: 0x1
[    8.451162]   Magic number: 15:545:792
[    8.452684] rtc_cmos rtc_cmos: setting system clock to 2019-08-08 16:45:54 UTC (1565282754)
[    8.455665] BIOS EDD facility v0.16 2004-Jun-25, 0 devices found
[    8.457555] EDD information not available.
[    8.470217] Freeing unused kernel memory: 1484K
[    8.488384] Write protecting the kernel read-only data: 14336k
[    8.507482] Freeing unused kernel memory: 1616K
[    8.510663] Freeing unused kernel memory: 68K
Loading, please wait...
starting version 229
[    8.669251] random: systemd-udevd: uninitialized urandom read (16 bytes read, 2 bits of entropy available)
[    8.676709] random: udevadm: uninitialized urandom read (16 bytes read, 2 bits of entropy available)
[    8.676886] random: udevadm: uninitialized urandom read (16 bytes read, 2 bits of entropy available)
[    8.696337] random: systemd-udevd: uninitialized urandom read (16 bytes read, 2 bits of entropy available)
[    8.705862] random: systemd-udevd: uninitialized urandom read (16 bytes read, 2 bits of entropy available)
[    8.711791] random: systemd-udevd: uninitialized urandom read (16 bytes read, 2 bits of entropy available)
[    8.751771] random: systemd-udevd: uninitialized urandom read (16 bytes read, 2 bits of entropy available)
[    8.756931] random: systemd-udevd: uninitialized urandom read (16 bytes read, 2 bits of entropy available)
[    8.762233] random: systemd-udevd: uninitialized urandom read (16 bytes read, 2 bits of entropy available)
[    8.776204] random: systemd-udevd: uninitialized urandom read (16 bytes read, 2 bits of entropy available)
[    9.213370] Fusion MPT base driver 3.04.20
[    9.217468] Copyright (c) 1999-2008 LSI Corporation
[    9.221707] e1000: Intel(R) PRO/1000 Network Driver - version 7.3.21-k8-NAPI
[    9.225622] e1000: Copyright (c) 1999-2006 Intel Corporation.
[    9.259680] Fusion MPT SPI Host driver 3.04.20
[    9.474629] input: ImExPS/2 Generic Explorer Mouse as /devices/platform/i8042/serio1/input/input4
[    9.848723] e1000 0000:00:03.0 eth0: (PCI:33MHz:32-bit) 02:1e:e5:6d:71:21
[   10.168425] e1000 0000:00:03.0 eth0: Intel(R) PRO/1000 Network Connection
[   10.240013] mptbase: ioc0: Initiating bringup
[   10.243629] e1000 0000:00:03.0 enp0s3: renamed from eth0
[   10.312871] ioc0: LSI53C1030 A0: Capabilities={Initiator}
[   10.510157] scsi host2: ioc0: LSI53C1030 A0, FwRev=00000000h, Ports=1, MaxQ=256, IRQ=20
[   10.641047] scsi 2:0:0:0: Direct-Access     VBOX     HARDDISK         1.0  PQ: 0 ANSI: 5
[   10.680600] scsi target2:0:0: Beginning Domain Validation
[   10.908814] scsi target2:0:0: Domain Validation skipping write tests
[   10.944001] scsi target2:0:0: Ending Domain Validation
[   11.010968] scsi target2:0:0: asynchronous
[   11.019148] scsi 2:0:1:0: Direct-Access     VBOX     HARDDISK         1.0  PQ: 0 ANSI: 5
[   11.042102] scsi target2:0:1: Beginning Domain Validation
[   11.057177] scsi target2:0:1: Domain Validation skipping write tests
[   11.059717] scsi target2:0:1: Ending Domain Validation
[   11.062799] scsi target2:0:1: asynchronous
[   11.094024] sd 2:0:0:0: Attached scsi generic sg0 type 0
[   11.104903] sd 2:0:0:0: [sda] 20971520 512-byte logical blocks: (10.7 GB/10.0 GiB)
[   11.105938] sd 2:0:1:0: Attached scsi generic sg1 type 0
[   11.120550] sd 2:0:1:0: [sdb] 20480 512-byte logical blocks: (10.5 MB/10.0 MiB)
[   11.122547] sd 2:0:0:0: [sda] Write Protect is off
[   11.122659] sd 2:0:0:0: [sda] Incomplete mode parameter data
[   11.122660] sd 2:0:0:0: [sda] Assuming drive cache: write through
[   11.124921]  sda: sda1
[   11.126479] sd 2:0:0:0: [sda] Attached SCSI disk
[   11.204247] sd 2:0:1:0: [sdb] Write Protect is off
[   11.206192] sd 2:0:1:0: [sdb] Incomplete mode parameter data
[   11.208043] sd 2:0:1:0: [sdb] Assuming drive cache: write through
[   11.269054] sd 2:0:1:0: [sdb] Attached SCSI disk
Begin: Loading essential drivers ... [   13.850786] md: linear personality registered for level -1
[   13.884958] md: multipath personality registered for level -4
[   13.910702] md: raid0 personality registered for level 0
[   13.942901] md: raid1 personality registered for level 1
[   14.045441] raid6: sse2x1   gen()  4543 MB/s
[   14.131726] raid6: sse2x1   xor()  4687 MB/s
[   14.216690] raid6: sse2x2   gen()  5713 MB/s
[   14.315471] raid6: sse2x2   xor()  5895 MB/s
[   14.516411] raid6: sse2x4   gen()  7868 MB/s
[   14.635444] raid6: sse2x4   xor()  6604 MB/s
[   14.666868] raid6: using algorithm sse2x4 gen() 7868 MB/s
[   14.745444] raid6: .... xor() 6604 MB/s, rmw enabled
[   14.761401] raid6: using ssse3x2 recovery algorithm
[   14.783437] xor: measuring software checksum speed
[   14.832282]    prefetch64-sse: 11337.000 MB/sec
[   14.879259]    generic_sse: 17537.000 MB/sec
[   14.886172] xor: using function: generic_sse (17537.000 MB/sec)
[   14.905847] async_tx: api initialized (async)
[   14.961361] md: raid6 personality registered for level 6
[   14.964533] md: raid5 personality registered for level 5
[   14.967972] md: raid4 personality registered for level 4
[   15.039443] md: raid10 personality registered for level 10
done.
Begin: Running /scripts/init-premount ... done.
Begin: Mounting root file system ... Begin: Running /scripts/local-top ... done.
Begin: Running /scripts/local-premount ... [   15.205496] Btrfs loaded
Scanning for Btrfs filesystems
done.
Warning: fsck not present, so skipping root file system
[   15.441446] EXT4-fs (sda1): mounted filesystem with ordered data mode. Opts: (null)
done.
Begin: Running /scripts/local-bottom ... done.
Begin: Running /scripts/init-bottom ... done.
[   16.283850] systemd[1]: systemd 229 running in system mode. (+PAM +AUDIT +SELINUX +IMA +APPARMOR +SMACK +SYSVINIT +UTMP +LIBCRYPTSETUP +GCRYPT +GNUTLS +ACL +XZ -LZ4 +SECCOMP +BLKID +ELFUTILS +KMOD -IDN)
[   16.294899] systemd[1]: Detected virtualization oracle.
[   16.318997] systemd[1]: Detected architecture x86-64.
[   16.327850] random: nonblocking pool is initialized

Welcome to [1mUbuntu 16.04.6 LTS[0m!

[   16.346370] systemd[1]: Set hostname to <ubuntu>.
[   16.374444] systemd[1]: Initializing machine ID from random generator.
[   16.377593] systemd[1]: Installed transient /etc/machine-id file.
[ 175057] ysem[1 ListeinonJornl udt Soke
[[0;32m  OK  [0m] Listening on Journal Audit Socket.
[   18.225901] systemd[1]: Set up automount Arbitrary Executable File Formats File System Automount Point.
[[0;32m  OK  [0m] Set up automount Arbitrary Executab...ats File System Automount Point.
[   18.653696] systemd[1]: Reached target Encrypted Volumes.
[[0;32m  OK  [0m] Reached target Encrypted Volumes.
[   18.665961] systemd[1]: Listening on udev Kernel Socket.
[[0;32m  OK  [0m] Listening on udev Kernel Socket.
[   18.669619] systemd[1]: Listening on Journal Socket (/dev/log).
[[0;32m  OK  [0m] Listening on Journal Socket (/dev/log).
[   18.673349] systemd[1]: Reached target User and Group Name Lookups.
[[0;32m  OK  [0m] Reached target User and Group Name Lookups.
[   18.677376] systemd[1]: Started Forward Password Requests to Wall Directory Watch.
[[0;32m  OK  [0m] Started Forward Password Requests to Wall Directory Watch.
[   18.856821] systemd[1]: Listening on /dev/initctl Compatibility Named Pipe.
[[0;32m  OK  [0m] Listening on /dev/initctl Compatibility Named Pipe.
[   18.861054] systemd[1]: Listening on Syslog Socket.
[[0;32m  OK  [0m] Listening on Syslog Socket.
[   18.886189] systemd[1]: Reached target Swap.
[[0;32m  OK  [0m] Reached target Swap.
[   18.889488] systemd[1]: Listening on LVM2 poll daemon socket.
[[0;32m  OK  [0m] Listening on LVM2 poll daemon socket.
[   19.1342 sstd[]:Litein o uv ntolocet
[[0;32m  OK  [0m] Listening on udev Control Socket.
[   19.832287] systemd[1]: Listening on Device-mapper event daemon FIFOs.
[[0;32m  OK  [0m] Listening on Device-mapper event daemon FIFOs.
[   19.882786] systemd[1]: Started Trigger resolvconf update for networkd DNS.
[[0;32m  OK  [0m] Started Trigger resolvconf update for networkd DNS.
[   19.910839] systemd[1]: Created slice User and Session Slice.
[[0;32m  OK  [0m] Created slice User and Session Slice.
[   19.920884] systemd[1]: Created slice System Slice.
[[0;32m  OK  [0m] Created slice System Slice.
[   19.946455] systemd[1]: Reached target Slices.
[[0;32m  OK  [0m] Reached target Slices.
[   19.951564] systemd[1]: Created slice system-serial\x2dgetty.slice.
[[0;32m  OK  [0m] Created slice system-serial\x2dgetty.slice.
[   19.977067] systemd[1]: Listening on LVM2 metadata daemon socket.
[[0;32m  OK  [0m] Listening on LVM2 metadata daemon socket.
[   20.001272] systemd[1]: Listening on Journal Socket.
[[0;32m  OK  [0m] Listening on Journal Socket.
[   20.025502] systemd[1]: Starting Remount Root and Kernel File Systems...
         Starting Remount Root and Kernel File Systems...
[   20.043336] systemd[1]: Starting Set console keymap...
         Starting Set console keymap...
[   20.063329] systemd[1]: Starting Uncomplicated firewall...
         Starting Uncomplicated firewall...
[   20.177747] systemd[1]: Starting Create list of required static device nodes for the current kernel...
[   20.178806] EXT4-fs (sda1): re-mounted. Opts: (null)
         Starting Create list of required st... nodes for the current kernel...
[   20.251801] systemd[1]: Mounting Huge Pages File System...
         Mounting Huge Pages File System...
[   20.287086] systemd[1]: Mounting POSIX Message Queue File System...
         Mounting POSIX Message Queue File System...
[   20.355299] systemd[1]: Mounting Debug File System...
         Mounting Debug File System...
[   20.422096] systemd[1]: Starting Monitoring of LVM2 mirrors, snapshots etc. using dmeventd or progress polling...
         Starting Monitoring of LVM2 mirrors... dmeventd or progress polling...
[   20.521767] systemd[1]: Starting Journal Service...
         Starting Journal Service...
[   20.585959] systemd[1]: Starting Load Kernel Modules...
         Starting Load Kernel Modules...
[   20.596638] systemd[1]: Reached target System Time Synchronized.
[[0;32m  OK  [0m] Reached target System Time Synchronized.
[   20.641078] systemd[1]: Starting Nameserver information manager...
         Starting Nameserver information manager...
[   20.754080] Loading iSCSI transport class v2.0-870.
[   20.758676] systemd[1]: Mounted POSIX Message Queue File System.
[[0;32m  OK  [0m] Mounted POSIX Message Queue File System.
[   20.825529] systemd[1]: Mounted Huge Pages File System.
[[0;32m  OK  [0m] Mounted Huge Pages File System.
[   20.838237] systemd[1]: Mounted Debug File System.
[[0;32m  OK  [0m] Mounted Debug File System.
[   20.844144] systemd[1]: Started Journal Service.
[[0;32m  OK  [0m] Started Journal Service.
[[0;32m  OK  [0m] Started Remount Root and Kernel File Systems.
[[0;32m  OK  [0m] Started Set console keymap.
[[0;32m  OK  [0m] Started Uncomplicated firewall.
[[0;32m  OK  [0[   20.898803] iscsi: registered transport (tcp)
m] Started Create list of required sta...ce nodes for the current kernel.
[[0;32m  OK  [0m] Started Nameserver information manager.
[   21.142083] iscsi: registered transport (iser)
[[0;32m  OK  [0m] Started Load Kernel Modules.
         Starting Apply Kernel Variables...
         Mounting FUSE Control File System...
[[0;32m  OK  [0m] Started LVM2 metadata daemon.
         Starting Create Static Device Nodes in /dev...
         Starting udev Coldplug all Devices...
         Starting Load/Save Random Seed...
         Starting Flush Journal to Persistent Storage...
[[0;32m  OK  [0m] Mounted FUSE Control File System.
[[0;32m  OK  [0m] Started Apply Kernel Variables.
[[0;32m  OK  [0m] Started Load/Save Random Seed.
[[0;32m  OK  [0m] Started Create Static Device Nodes in /dev.
         Starting udev Kernel Device Manager...
[[0;32m  OK  [0m] Started Flush Journal to Persistent Storage.
[[0;32m  OK  [0m] Started Monitoring of LVM2 mirrors,...ng dmeventd or progress polling.
[[0;32m  OK  [0m] Reached target Local File Systems (Pre).
[[0;32m  OK  [0m] Reached target Local File Systems.
         Starting Create Volatile Files and Directories...
         Starting Commit a transient machine-id on disk...
         Starting Initial cloud-init job (pre-networking)...
         Starting Set console font and keymap...
         Starting Tell Plymouth To Write Out Runtime Data...
         Starting LSB: AppArmor initialization...
[[0;32m  OK  [0m] Started udev Kernel Device Manager.
[[0;32m  OK  [0m] Started Create Volatile Files and Directories.
[[0;32m  OK  [0m] Started Commit a transient machine-id on disk.
[[0;32m  OK  [0m] Started Tell Plymouth To Write Out Runtime Data.
[[0;32m  OK  [0m] Started udev Coldplug all Devices.
         Starting Update UTMP about System Boot/Shutdown...
[[0;32m  OK  [0m] Started Dispatch Password Requests to Console Directory Watch.
[[0;32m  OK  [0m] Started Update UTMP about System Boot/Shutdown.
[[0;32m  OK  [0m] Found device /dev/ttyS0.
[[0;32m  OK  [0m] Listening on Load/Save RF Kill Switch Status /dev/rfkill Watch.
[[0;32m  OK  [0m] Started LSB: AppArmor initialization.
[   27.184817] cloud-init[476]: Cloud-init v. 19.1-1-gbaa47854-0ubuntu1~16.04.1 running 'init-local' at Thu, 08 Aug 2019 16:46:13 +0000. Up 25.17 seconds.
[[0;32m  OK  [0m] Started Initial cloud-init job (pre-networking).
[[0;32m  OK  [0m] Reached target Network (Pre).
         Starting Raise network interfaces...
[[0;32m  OK  [0m] Started Set console font and keymap.
[[0;32m  OK  [0m] Created slice system-getty.slice.
[[0;32m  OK  [0m] Started Raise network interfaces.
[[0;32m  OK  [0m] Reached target Network.
         Starting Initial cloud-init job (metadata service crawler)...
[   34.917960] cloud-init[945]: Cloud-init v. 19.1-1-gbaa47854-0ubuntu1~16.04.1 running 'init' at Thu, 08 Aug 2019 16:46:19 +0000. Up 31.31 seconds.
[   34.936589] cloud-init[945]: ci-info: ++++++++++++++++++++++++++++++++++++++Net device info++++++++++++++++++++++++++++++++++++++
[   34.953883] cloud-init[945]: ci-info: +--------+------+----------------------------+---------------+--------+-------------------+
[   34.966105] cloud-init[945]: ci-info: | Device |  Up  |          Address           |      Mask     | Scope  |     Hw-Address    |
[   34.990554] cloud-init[945]: ci-info: +--------+------+----------------------------+---------------+--------+-------------------+
[   35.055788] cloud-init[945]: ci-info: | enp0s3 | True |         10.0.2.15          | 255.255.255.0 | global | 02:1e:e5:6d:71:21 |
[   35.071660] cloud-init[945]: ci-info: | enp0s3 | True | fe80::1e:e5ff:fe6d:7121/64 |       .       |  link  | 02:1e:e5:6d:71:21 |
[   35.113173] cloud-init[945]: ci-info: |   lo   | True |         127.0.0.1          |   255.0.0.0   |  host  |         .         |
[   35.155499] cloud-init[945]: ci-info: |   lo   | True |          ::1/128           |       .       |  host  |         .         |
[   35.213649] cloud-init[945]: ci-info: +--------+------+----------------------------+---------------+--------+-------------------+
[   35.245272] cloud-init[945]: ci-info: +++++++++++++++++++++++++++Route IPv4 info++++++++++++++++++++++++++++
[   35.271394] cloud-init[945]: ci-info: +-------+-------------+----------+---------------+-----------+-------+
[[0;32m  OK  [0m] Started Initial cloud-init job (metadata service crawler).
[[0;32m  OK  [0m] Reached target Network is Online.
[   35.354432] cloud-init[945]: ci-info: | Route | Destination | Gateway  |    Genmask    | Interface | Flags |
[   35.553341] cloud-init[945]: ci-info: +-------+-------------+----------+---------------+-----------+-------+
         Starting iSCSI initiator daemon (iscsid)...
[   35.576990] cloud-init[945]: ci-info: |   0   |   0.0.0.0   | 10.0.2.2 |    0.0.0.0    |   enp0s3  |   UG  |
[[0;32m  OK  [0m] Reached target Cloud-config availability.
[[0;32m  OK  [0m] Reached target System Initialization.
[[0;32m  OK  [0m] Listening on UUID daemon activation socket.
[[0;32m  OK  [0m] Listening on D-Bus System Message Bus Socket.
[[0;32m  OK  [0m] Started Daily Cleanup of Temporary Directories.
[   35.609105] cloud-init[945]: ci-info: |   1   |   10.0.2.0  | 0.0.0.0  | 255.255.255.0 |   enp0s3  |   U   |
[   35.764720] cloud-init[945]: ci-info: +-------+-------------+----------+---------------+-----------+-------+
[[0;32m  OK  [0m] Listening on ACPID Listen Socket.
[   35.765103] cloud-init[945]: ci-info: +++++++++++++++++++Route IPv6 info+++++++++++++++++++
[   35.928585] cloud-init[945]: ci-info: +-------+-------------+---------+-----------+-------+
[   36.021703] cloud-init[945]: ci-info: | Route | Destination | Gateway | Interface | Flags |
[[0;32m  OK  [0m] Started Daily apt download activities.
[   36.022020] cloud-init[945]: ci-info: +-------+-------------+---------+-----------+-------+
[[0;32m  OK  [0m] Started Daily apt upgrade and clean activities.
[   36.242728] cloud-init[945]: ci-info: |   0   |  fe80::/64  |    ::   |   enp0s3  |   U   |
[   36.344916] cloud-init[945]: ci-info: |   4   |   ff00::/8  |    ::   |   enp0s3  |   U   |
[[0;32m  OK  [0m] Started ACPI Events Check.
[   36.345274] cloud-init[945]: ci-info: +-------+-------------+---------+-----------+-------+
[[0;32m  OK  [0m] Reached target Paths.
[[0;32m  OK  [0m] Reached target Timers.
[   36.542326] cloud-init[945]: Generating public/private rsa key pair.
         Starting LXD - unix socket.
[   36.671418] cloud-init[945]: Your identification has been saved in /etc/ssh/ssh_host_rsa_key.
         Starting Socket activation for snappy daemon.
[   36.809986] cloud-init[945]: Your public key has been saved in /etc/ssh/ssh_host_rsa_key.pub.
[   36.841219] cloud-init[945]: The key fingerprint is:
[   36.932806] cloud-init[945]: SHA256:6neDzlfdiFra9FRGjixeMlGezQ3FQSjXf9Wg1gDg4bc root@ubuntu-xenial
[[0;32m  OK  [0m] Listening on LXD - unix socket.
[   36.933165] cloud-init[945]: The key's randomart image is:
[   37.055953] cloud-init[945]: +---[RSA 2048]----+
[[0;32m  OK  [0m] Listening on Socket activation for snappy daemon.
[   37.056358] cloud-init[945]: |        o.....B*+|
[   37.184650] cloud-init[945]: |       o . ..B **|
[[0;32m  OK  [0m] Started iSCSI initiator daemon (iscsid).
[   37.226543] cloud-init[945]: |        o . =o++*|
[   37.274888] cloud-init[945]: |         . o+ + *|
[   37.356472] cloud-init[945]: |        S E. B =.|
         Starting Login to default iSCSI targets...
[   37.356847] cloud-init[945]: |       .    * + .|
[   37.428585] cloud-init[945]: |      .  . B o   |
[   37.460224] cloud-init[945]: |     . .o * . .  |
[   37.516781] cloud-init[945]: |      .ooo .     |
[   37.522173] cloud-init[945]: +----[SHA256]-----+
[   37.588681] cloud-init[945]: Generating public/private dsa key pair.
[[0;32m  OK  [0m] Reached target Sockets.
[   37.588995] cloud-init[945]: Your identification has been saved in /etc/ssh/ssh_host_dsa_key.
[   37.677455] cloud-init[945]: Your public key has been saved in /etc/ssh/ssh_host_dsa_key.pub.
[   37.679248] cloud-init[945]: The key fingerprint is:
[   37.679702] cloud-init[945]: SHA256:5Iie8oJlBvobLJQdHO5Puh+yozs+NcLVRwK6/vdqTfM root@ubuntu-xenial
[   37.680346] cloud-init[945]: The key's randomart image is:
[[0;32m  OK  [0m] Reached target Basic System.
[   37.680939] cloud-init[945]: +---[DSA 1024]----+
[   37.751459] cloud-init[945]: |   o.            |
[   37.757762] cloud-init[945]: |  + .. .         |
[   37.764465] cloud-init[945]: | . +. o .        |
[   37.774346] cloud-init[945]: |. =..o =         |
         Starting Virtualbox guest utils...
[   37.823528] cloud-init[945]: |o=.o..o S        |
[   37.824823] cloud-init[945]: |+++++. o         |
[   37.845149] cloud-init[945]: |.B*o+oo o        |
[   37.866886] cloud-init[945]: |.++=+o.. E       |
[   37.870948] cloud-init[945]: |.+***oo.         |
[   37.873848] cloud-init[945]: +----[SHA256]-----+
[   37.881118]          Starting LSB: MD monitoring daemon...cloud-init[945]: Generating public/private ecdsa key pair.
[   37.903523] cloud-init[945]: Your identification has been saved in /etc/ssh/ssh_host_ecdsa_key.
[   37.903770] cloud-init[945]: Your public key has been saved in /etc/ssh/ssh_host_ecdsa_key.pub.
[   37.904018] cloud-init[945]: The key fingerprint is:
[   37.904250] cloud-init[945]: SHA256:dP+T1pKmfNMRywBOLWuik6D7fZ/VY24n2qIT/tMVbYg root@ubuntu-xenial
[   37.904492] cloud-init[945]: The key's randomart image is:
[   37.904786] cloud-init[945]: +---[ECDSA 256]---+
[   37.905016] cloud-init[945]: |            .    |

[   37.906799] cloud-init[945]: |           + .   |
[[0;32m  OK  [0m] Started ACPI event daemon.
[   38.051016] cloud-init[945]: |        . + +. ..|
[   38.123680] cloud-init[945]: |     . . o =E..oo|
[[0;32m  OK  [0m] Started Deferred execution scheduler.
[   38.139384] cloud-init[945]: |    . . S o . o.+|
[   38.237463] cloud-init[945]: |   .   +  .  ..B.|
[   38.255260]          Starting LSB: Record successful boot for GRUB...
cloud-init[945]: |    .   .. . oO*o|
[   38.381163] cloud-init[945]: |   .  .  .o.==B++|
[   38.382431] cloud-init[945]: |    .. .. o*==o+.|
[   38.383237] cloud-init[945]: +----[SHA256]-----+
         Starting /etc/rc.local Compatibility...
[   38.389886] cloud-init[945]: Generating public/private ed25519 key pair.
         Starting Login Service...
[   38.541847] cloud-init[945]: Your identification has been saved in /etc/ssh/ssh_host_ed25519_key.
[   38.572379] cloud-init[945]: Your public key has been saved in /etc/ssh/ssh_host_ed25519_key.pub.
[   38.586529] cloud-init[945]: The key fingerprint is:
[   38.597759] cloud-init[945]: SHA256:eMrUcAtQ4DdhYHbt05uEUnxlPpOTFwcPYFUvNidaJoU root@ubuntu-xenial
[   38.604811] cloud-init[945]: The key's randomart image is:
[   38.608673] cloud-init[945]: +--[ED25519 256]--+
[   38.613894] cloud-init[945]: |    *+=o   .=+*oo|
[[   38.629945] cloud-init[945]: |   + + .+ .+E+ =.|
[   38.631918] cloud-init[945]: |    . =o.+  O O +|
[   38.635613] cloud-init[945]: |     ..B+.o  @ = |
[   38.635847] cloud-init[945]: |      o.So o.    |
[   38.636087] cloud-init[945]: |     o o  o      |
[   38.636322] cloud-init[945]: |      o          |
[   38.636551] cloud-init[945]: |                 |
[   38.638111] cloud-init[945]: |                 |
[   38.638348] cloud-init[945]: +----[SHA256]-----+
[0;32m  OK  [0m] Started D-Bus System Message Bus.
         Starting Snappy daemon...
         Starting System Logging Service...
         Starting Accounts Service...
[[0;32m  OK  [0m] Started Regular background program processing daemon.
[[0;32m  OK  [0m] Started FUSE filesystem for LXC.
         Starting Pollinate to seed the pseudo random number generator...
         Starting LXD - container startup/shutdown...
[[0;32m  OK  [0m] Started /etc/rc.local Compatibility.
[[0;32m  OK  [0m] Started System Logging Service.
[[0;32m  OK  [0m] Started Login Service.
[[0;32m  OK  [0m] Started Unattended Upgrades Shutdown.
         Starting Authenticate and Authorize Users to Run Privileged Tasks...
[[0;32m  OK  [0m] Started Login to default iSCSI targets.
[[0;32m  OK  [0m] Reached target Remote File Systems (Pre).
[[0;32m  OK  [0m] Reached target Remote File Systems.
         Starting LSB: automatic crash report generation...
         Starting LSB: daemon to balance interrupts for SMP systems...
         Starting LSB: Set the CPU Frequency Scaling governor to "ondemand"...
         Starting Permit User Sessions...
[[0;32m  OK  [0m] Started LSB: Record successful boot for GRUB.
[[0;32m  OK  [0m] Started Permit User Sessions.
         Starting Terminate Plymouth Boot Screen...
         Starting Hold until boot process finishes up...
[[0;32m  OK  [0m] Started Terminate Plymouth Boot Screen.
[[0;32m  OK  [0m] Started LSB: MD monitoring daemon.
[[0;32m  OK  [0m] Started Hold until boot process finishes up.
[[0;32m  OK  [0m] Started Authenticate and Authorize Users to Run Privileged Tasks.
[[0;32m  OK  [0m] Started Accounts Service.
[[0;32m  OK  [0m] Started Serial Getty on ttyS0.
[[0;32m  OK  [0m] Started Getty on tty1.
[[0;32m  OK  [0m] Reached target Login Prompts.
         Starting Set console scheme...
[[0;32m  OK  [0m] Started Set console scheme.
[[0;32m  OK  [0m] Started LXD - container startup/shutdown.
[[0;32m  OK  [0m] Started LSB: Set the CPU Frequency Scaling governor to "ondemand".
[[0;32m  OK  [0m] Started LSB: daemon to balance interrupts for SMP systems.
[[0;32m  OK  [0m] Started LSB: automatic crash report generation.
[[0;32m  OK  [0m] Started Virtualbox guest utils.
[[0;32m  OK  [0m] Started Snappy daemon.
         Starting Wait until snapd is fully seeded...
[[0;32m  OK  [0m] Started Pollinate to seed the pseudo random number generator.
         Starting OpenBSD Secure Shell server...
[[0;32m  OK  [0m] Started OpenBSD Secure Shell server.
[[0;32m  OK  [0m] Created slice User Slice of vagrant.
[[0;32m  OK  [0m] Started Session 1 of user vagrant.
         Starting User Manager for UID 1000...
[[0;32m  OK  [0m] Started User Manager for UID 1000.

Ubuntu 16.04.6 LTS ubuntu-xenial ttyS0

ubuntu-xenial login: [   49.650742] cloud-init[1356]: Generating locales (this might take a while)...
[   53.590227] cloud-init[1356]:   en_US.UTF-8... done
[   53.612133] cloud-init[1356]: Generation complete.
[   55.461661] cloud-init[1356]: Cloud-init v. 19.1-1-gbaa47854-0ubuntu1~16.04.1 running 'modules:config' at Thu, 08 Aug 2019 16:46:37 +0000. Up 48.94 seconds.
ci-info: no authorized ssh keys fingerprints found for user ubuntu.
<14>Aug  8 16:46:45 ec2: 
<14>Aug  8 16:46:45 ec2: #############################################################
<14>Aug  8 16:46:45 ec2: -----BEGIN SSH HOST KEY FINGERPRINTS-----
<14>Aug  8 16:46:45 ec2: 1024 SHA256:5Iie8oJlBvobLJQdHO5Puh+yozs+NcLVRwK6/vdqTfM root@ubuntu-xenial (DSA)
<14>Aug  8 16:46:45 ec2: 256 SHA256:dP+T1pKmfNMRywBOLWuik6D7fZ/VY24n2qIT/tMVbYg root@ubuntu-xenial (ECDSA)
<14>Aug  8 16:46:45 ec2: 256 SHA256:eMrUcAtQ4DdhYHbt05uEUnxlPpOTFwcPYFUvNidaJoU root@ubuntu-xenial (ED25519)
<14>Aug  8 16:46:45 ec2: 2048 SHA256:6neDzlfdiFra9FRGjixeMlGezQ3FQSjXf9Wg1gDg4bc root@ubuntu-xenial (RSA)
<14>Aug  8 16:46:45 ec2: -----END SSH HOST KEY FINGERPRINTS-----
<14>Aug  8 16:46:45 ec2: #############################################################
-----BEGIN SSH HOST KEY KEYS-----
ecdsa-sha2-nistp256 AAAAE2VjZHNhLXNoYTItbmlzdHAyNTYAAAAIbmlzdHAyNTYAAABBBKC8KqO47Q+WTeO8tbLp7wPcXVDDJIxsOLA3ZkV8DooOPH4vjSZdnrsIo4iT107ELfPJd0NMxaSin8P7arRM4/Q= root@ubuntu-xenial
ssh-ed25519 AAAAC3NzaC1lZDI1NTE5AAAAIBhCmvf1fJJ4WVBqiEuqsIhJu2Amfulbv4rODVgmnOjy root@ubuntu-xenial
ssh-rsa AAAAB3NzaC1yc2EAAAADAQABAAABAQDiwata6zCwYjCzIB6lcPqixPX1+GPj8JFj6DTadj51OZWcWv44P+5oAqUyDBq9pc7iwDSJp+8kVIWImxtuAVuLPGJmGnBwIgwj+6wDkWGu3NnMuRFrjZ5yU1sYvVq7mHTaYL43BLhoUvQjMDQURnogJ7ua9mLcXLoSLn2Ero+qkVDkwv4u/v1mq4retbiWlwWR46uMmhl9V8Cfb8zz5lNTYPexHU074CBeytwpOEkmTARHPgD9N4CI6+ti6oimmCH6B6rll9I6lp0J1GgIg6AkPseruhpmOLc9lKlGv0YUvkrtPI4iMCncu44Kojfcs7qmpg4z3nti9O4Ak47ea7vZ root@ubuntu-xenial
-----END SSH HOST KEY KEYS-----
[   57.414568] cloud-init[1525]: Cloud-init v. 19.1-1-gbaa47854-0ubuntu1~16.04.1 running 'modules:final' at Thu, 08 Aug 2019 16:46:45 +0000. Up 56.59 seconds.
[   57.416003] cloud-init[1525]: ci-info: no authorized ssh keys fingerprints found for user ubuntu.
[   57.417328] cloud-init[1525]: Cloud-init v. 19.1-1-gbaa47854-0ubuntu1~16.04.1 finished at Thu, 08 Aug 2019 16:46:45 +0000. Datasource DataSourceNoCloud [seed=/dev/sdb][dsmode=net].  Up 57.37 seconds
[[0;32m  OK  [0m] Stopped target Cloud-init target.
[[0;32m  OK  [0m] Stopped target Timers.
         Stopping Authenticate and Authorize Users to Run Privileged Tasks...
[[0;32m  OK  [0m] Stopped target Graphical Interface.
         Stopping User Manager for UID 1000...
         Stopping Accounts Service...
[[0;32m  OK  [0m] Stopped Execute cloud user/final scripts.
[[0;32m  OK  [0m] Stopped Apply the settings specified in cloud-config.
[[0;32m  OK  [0m] Closed Load/Save RF Kill Switch Status /dev/rfkill Watch.
[[0;32m  OK  [0m] Stopped target Cloud-config availability.
         Stopping ACPI event daemon...
[[0;32m  OK  [0m] Stopped target Multi-User System.
         Stopping System Logging Service...
         Stopping OpenBSD Secure Shell server...
[[0;32m  OK  [0m] Stopped target Login Prompts.
         Stopping Getty on tty1...
         Stopping Serial Getty on ttyS0...
         Stopping D-Bus System Message Bus...
         Stopping LXD - container startup/shutdown...
         Stopping Virtualbox guest utils...
         Stopping Regular background program processing daemon...
[[0;32m  OK  [0m] Stopped Wait until snapd is fully seeded.
         Stopping LSB: MD monitoring daemon...
         Stopping FUSE filesystem for LXC...
         Stopping Deferred execution scheduler...
         Stopping LSB: automatic crash report generation...
         Stopping LSB: Set the CPU Frequency Scaling governor to "ondemand"...
         Stopping LSB: daemon to balance interrupts for SMP systems...
         Stopping Session 3 of user vagrant.
         Stopping Unattended Upgrades Shutdown...
[[0;32m  OK  [0m] Stopped Daily apt upgrade and clean activities.
[[0;32m  OK  [0m] Stopped Daily apt download activities.
[[0;32m  OK  [0m] Stopped target System Time Synchronized.
[[0;32m  OK  [0m] Stopped Daily Cleanup of Temporary Directories.
         Stopping LSB: Record successful boot for GRUB...
[[0;32m  OK  [0m] Unmounted /var/lib/lxcfs.
[[0;32m  OK  [0m] Stopped ACPI event daemon.
[[0;32m  OK  [0m] Stopped Deferred execution scheduler.
[[0;32m  OK  [0m] Stopped System Logging Service.
[[0;32m  OK  [0m] Stopped Accounts Service.
[[0;32m  OK  [0m] Stopped Regular background program processing daemon.
[[0;32m  OK  [0m] Stopped Unattended Upgrades Shutdown.
[[0;32m  OK  [0m] Stopped Authenticate and Authorize Users to Run Privileged Tasks.
[[0;32m  OK  [0m] Stopped Serial Getty on ttyS0.
[[0;32m  OK  [0m] Stopped Getty on tty1.
[[0;32m  OK  [0m] Stopped OpenBSD Secure Shell server.
[[0;32m  OK  [0m] Stopped User Manager for UID 1000.
[[0;32m  OK  [0m] Stopped D-Bus System Message Bus.
[[0;32m  OK  [0m] Stopped Session 3 of user vagrant.
[[0;32m  OK  [0m] Stopped FUSE filesystem for LXC.
[[0;32m  OK  [0m] Stopped LXD - container startup/shutdown.
[[0;32m  OK  [0m] Stopped LSB: Set the CPU Frequency Scaling governor to "ondemand".
[[0;32m  OK  [0m] Stopped LSB: MD monitoring daemon.
[[0;32m  OK  [0m] Stopped LSB: Record successful boot for GRUB.
[[0;32m  OK  [0m] Stopped LSB: automatic crash report generation.
[[0;32m  OK  [0m] Stopped LSB: daemon to balance interrupts for SMP systems.
[[0;32m  OK  [0m] Stopped Virtualbox guest utils.
[[0;32m  OK  [0m] Removed slice User Slice of vagrant.
[[0;32m  OK  [0m] Removed slice system-getty.slice.
[[0;32m  OK  [0m] Removed slice system-serial\x2dgetty.slice.
         Stopping Permit User Sessions...
[[0;32m  OK  [0m] Stopped /etc/rc.local Compatibility.
         Stopping Login Service...
[[0;32m  OK  [0m] Stopped Permit User Sessions.
[[0;32m  OK  [0m] Stopped target Remote File Systems.
[[0;32m  OK  [0m] Stopped target Remote File Systems (Pre).
         Stopping Login to default iSCSI targets...
[[0;32m  OK  [0m] Stopped Login Service.
[[0;32m  OK  [0m] Stopped target User and Group Name Lookups.
[[0;32m  OK  [0m] Stopped target Basic System.
[[0;32m  OK  [0m] Stopped target Sockets.
[[0;32m  OK  [0m] Closed UUID daemon activation socket.
[[0;32m  OK  [0m] Closed Syslog Socket.
[[0;32m  OK  [0m] Closed ACPID Listen Socket.
[[0;32m  OK  [0m] Closed Socket activation for snappy daemon.
[[0;32m  OK  [0m] Closed LXD - unix socket.
[[0;32m  OK  [0m] Closed D-Bus System Message Bus Socket.
[[0;32m  OK  [0m] Stopped target Paths.
[[0;32m  OK  [0m] Stopped ACPI Events Check.
[[0;32m  OK  [0m] Stopped target System Initialization.
         Stopping Update UTMP about System Boot/Shutdown...
[[0;32m  OK  [0m] Stopped target Encrypted Volumes.
         Stopping Load/Save Random Seed...
[[0;32m  OK  [0m] Stopped Commit a transient machine-id on disk.
[[0;32m  OK  [0m] Stopped target Swap.
[[0;32m  OK  [0m] Stopped Forward Password Requests to Wall Directory Watch.
[[0;32m  OK  [0m] Stopped Dispatch Password Requests to Console Directory Watch.
[[0;32m  OK  [0m] Stopped target Slices.
[[0;32m  OK  [0m] Removed slice User and Session Slice.
[[0;32m  OK  [0m] Stopped Load/Save Random Seed.
[[0;32m  OK  [0m] Stopped Update UTMP about System Boot/Shutdown.
[[0;32m  OK  [0m] Stopped Create Volatile Files and Directories.
[[0;32m  OK  [0m] Stopped Login to default iSCSI targets.
         Stopping iSCSI initiator daemon (iscsid)...
[[0;32m  OK  [0m] Stopped iSCSI initiator daemon (iscsid).
[[0;32m  OK  [0m] Stopped target Network is Online.
[[0;32m  OK  [0m] Stopped Initial cloud-init job (metadata service crawler).
[[0;32m  OK  [0m] Stopped target Network.
         Stopping Raise network interfaces...
[[0;32m  OK  [0m] Stopped Raise network interfaces.
[[0;32m  OK  [0m] Stopped target Local File Systems.
         Unmounting /vagrant...
         Unmounting /run/user/1000...
[[0;32m  OK  [0m] Stopped target Network (Pre).
[[0;32m  OK  [0m] Stopped Initial cloud-init job (pre-networking).
[[0;32m  OK  [0m] Stopped Apply Kernel Variables.
[[0;32m  OK  [0m] Stopped Load Kernel Modules.
[[0;32m  OK  [0m] Unmounted /vagrant.
[[0;32m  OK  [0m] Unmounted /run/user/1000.
[[0;32m  OK  [0m] Reached target Unmount All Filesystems.
[[0;32m  OK  [0m] Stopped target Local File Systems (Pre).
[[0;32m  OK  [0m] Stopped Remount Root and Kernel File Systems.
         Stopping Monitoring of LVM2 mirrors... dmeventd or progress polling...
[[0;32m  OK  [0m] Stopped Create Static Device Nodes in /dev.
[[0;32m  OK  [0m] Reached target Shutdown.
[  437.621932] reboot: Power down
